2025/03/31 12:49:47 [notice] 1#1: signal 3 (SIGQUIT) received, shutting down
2025/03/31 12:49:47 [notice] 28#28: gracefully shutting down
2025/03/31 12:49:47 [notice] 27#27: gracefully shutting down
2025/03/31 12:49:47 [notice] 28#28: exiting
2025/03/31 12:49:47 [notice] 29#29: gracefully shutting down
2025/03/31 12:49:47 [notice] 30#30: gracefully shutting down
2025/03/31 12:49:47 [notice] 27#27: exiting
2025/03/31 12:49:47 [notice] 28#28: exit
2025/03/31 12:49:47 [notice] 29#29: exiting
2025/03/31 12:49:47 [notice] 30#30: exiting
2025/03/31 12:49:47 [notice] 27#27: exit
2025/03/31 12:49:47 [notice] 29#29: exit
2025/03/31 12:49:47 [notice] 30#30: exit
2025/03/31 12:49:47 [notice] 1#1: signal 17 (SIGCHLD) received from 28
2025/03/31 12:49:47 [notice] 1#1: worker process 28 exited with code 0
2025/03/31 12:49:47 [notice] 1#1: worker process 30 exited with code 0
2025/03/31 12:49:47 [notice] 1#1: signal 29 (SIGIO) received
2025/03/31 12:49:47 [notice] 1#1: signal 17 (SIGCHLD) received from 29
2025/03/31 12:49:47 [notice] 1#1: worker process 27 exited with code 0
2025/03/31 12:49:47 [notice] 1#1: worker process 29 exited with code 0
2025/03/31 12:49:47 [notice] 1#1: exit
2025/03/31 12:49:47 [notice] 1#1: using the "epoll" event method
2025/03/31 12:49:47 [notice] 1#1: nginx/1.27.4
2025/03/31 12:49:47 [notice] 1#1: built by gcc 12.2.0 (Debian 12.2.0-14) 
2025/03/31 12:49:47 [notice] 1#1: OS: Linux 6.10.14-linuxkit
2025/03/31 12:49:47 [notice] 1#1: getrlimit(RLIMIT_NOFILE): 1048576:1048576
2025/03/31 12:49:47 [notice] 1#1: start worker processes
2025/03/31 12:49:47 [notice] 1#1: start worker process 28
2025/03/31 12:49:47 [notice] 1#1: start worker process 29
2025/03/31 12:49:47 [notice] 1#1: start worker process 30
2025/03/31 12:49:47 [notice] 1#1: start worker process 31
2025/03/31 13:13:59 [notice] 1#1: signal 3 (SIGQUIT) received, shutting down
2025/03/31 13:13:59 [notice] 29#29: gracefully shutting down
2025/03/31 13:13:59 [notice] 30#30: gracefully shutting down
2025/03/31 13:13:59 [notice] 31#31: gracefully shutting down
2025/03/31 13:13:59 [notice] 28#28: gracefully shutting down
2025/03/31 13:13:59 [notice] 31#31: exiting
2025/03/31 13:13:59 [notice] 28#28: exiting
2025/03/31 13:13:59 [notice] 29#29: exiting
2025/03/31 13:13:59 [notice] 30#30: exiting
2025/03/31 13:13:59 [notice] 29#29: exit
2025/03/31 13:13:59 [notice] 28#28: exit
2025/03/31 13:13:59 [notice] 31#31: exit
2025/03/31 13:13:59 [notice] 30#30: exit
2025/03/31 13:13:59 [notice] 1#1: signal 17 (SIGCHLD) received from 28
2025/03/31 13:13:59 [notice] 1#1: worker process 28 exited with code 0
2025/03/31 13:13:59 [notice] 1#1: signal 29 (SIGIO) received
2025/03/31 13:13:59 [notice] 1#1: signal 17 (SIGCHLD) received from 30
2025/03/31 13:13:59 [notice] 1#1: worker process 29 exited with code 0
2025/03/31 13:13:59 [notice] 1#1: worker process 30 exited with code 0
2025/03/31 13:13:59 [notice] 1#1: worker process 31 exited with code 0
2025/03/31 13:13:59 [notice] 1#1: exit
2025/03/31 13:13:59 [notice] 1#1: using the "epoll" event method
2025/03/31 13:13:59 [notice] 1#1: nginx/1.27.4
2025/03/31 13:13:59 [notice] 1#1: built by gcc 12.2.0 (Debian 12.2.0-14) 
2025/03/31 13:13:59 [notice] 1#1: OS: Linux 6.10.14-linuxkit
2025/03/31 13:13:59 [notice] 1#1: getrlimit(RLIMIT_NOFILE): 1048576:1048576
2025/03/31 13:13:59 [notice] 1#1: start worker processes
2025/03/31 13:13:59 [notice] 1#1: start worker process 28
2025/03/31 13:13:59 [notice] 1#1: start worker process 29
2025/03/31 13:13:59 [notice] 1#1: start worker process 30
2025/03/31 13:13:59 [notice] 1#1: start worker process 31
2025/03/31 13:24:41 [notice] 1#1: signal 3 (SIGQUIT) received, shutting down
2025/03/31 13:24:41 [notice] 30#30: gracefully shutting down
2025/03/31 13:24:41 [notice] 30#30: exiting
2025/03/31 13:24:41 [notice] 28#28: gracefully shutting down
2025/03/31 13:24:41 [notice] 31#31: gracefully shutting down
2025/03/31 13:24:41 [notice] 29#29: gracefully shutting down
2025/03/31 13:24:41 [notice] 31#31: exiting
2025/03/31 13:24:41 [notice] 29#29: exiting
2025/03/31 13:24:41 [notice] 30#30: exit
2025/03/31 13:24:41 [notice] 29#29: exit
2025/03/31 13:24:41 [notice] 31#31: exit
2025/03/31 13:24:41 [notice] 28#28: exiting
2025/03/31 13:24:41 [notice] 28#28: exit
2025/03/31 13:24:41 [notice] 1#1: signal 17 (SIGCHLD) received from 31
2025/03/31 13:24:41 [notice] 1#1: worker process 28 exited with code 0
2025/03/31 13:24:41 [notice] 1#1: worker process 29 exited with code 0
2025/03/31 13:24:41 [notice] 1#1: worker process 30 exited with code 0
2025/03/31 13:24:41 [notice] 1#1: worker process 31 exited with code 0
2025/03/31 13:24:41 [notice] 1#1: exit
2025/03/31 13:29:48 [notice] 1#1: using the "epoll" event method
2025/03/31 13:29:48 [notice] 1#1: nginx/1.27.4
2025/03/31 13:29:48 [notice] 1#1: built by gcc 12.2.0 (Debian 12.2.0-14) 
2025/03/31 13:29:48 [notice] 1#1: OS: Linux 6.10.14-linuxkit
2025/03/31 13:29:48 [notice] 1#1: getrlimit(RLIMIT_NOFILE): 1048576:1048576
2025/03/31 13:29:48 [notice] 1#1: start worker processes
2025/03/31 13:29:48 [notice] 1#1: start worker process 27
2025/03/31 13:29:48 [notice] 1#1: start worker process 28
2025/03/31 13:29:48 [notice] 1#1: start worker process 29
2025/03/31 13:29:48 [notice] 1#1: start worker process 30
2025/03/31 13:33:12 [notice] 1#1: signal 3 (SIGQUIT) received, shutting down
2025/03/31 13:33:12 [notice] 27#27: gracefully shutting down
2025/03/31 13:33:12 [notice] 28#28: gracefully shutting down
2025/03/31 13:33:12 [notice] 30#30: gracefully shutting down
2025/03/31 13:33:12 [notice] 29#29: gracefully shutting down
2025/03/31 13:33:12 [notice] 27#27: exiting
2025/03/31 13:33:12 [notice] 29#29: exiting
2025/03/31 13:33:12 [notice] 28#28: exiting
2025/03/31 13:33:12 [notice] 28#28: exit
2025/03/31 13:33:12 [notice] 30#30: exiting
2025/03/31 13:33:12 [notice] 30#30: exit
2025/03/31 13:33:12 [notice] 27#27: exit
2025/03/31 13:33:12 [notice] 29#29: exit
2025/03/31 13:33:12 [notice] 1#1: signal 17 (SIGCHLD) received from 28
2025/03/31 13:33:12 [notice] 1#1: worker process 28 exited with code 0
2025/03/31 13:33:12 [notice] 1#1: signal 29 (SIGIO) received
2025/03/31 13:33:12 [notice] 1#1: signal 17 (SIGCHLD) received from 27
2025/03/31 13:33:12 [notice] 1#1: worker process 27 exited with code 0
2025/03/31 13:33:12 [notice] 1#1: worker process 30 exited with code 0
2025/03/31 13:33:12 [notice] 1#1: signal 29 (SIGIO) received
2025/03/31 13:33:12 [notice] 1#1: signal 17 (SIGCHLD) received from 30
2025/03/31 13:33:12 [notice] 1#1: signal 17 (SIGCHLD) received from 29
2025/03/31 13:33:12 [notice] 1#1: worker process 29 exited with code 0
2025/03/31 13:33:12 [notice] 1#1: exit
2025/03/31 13:33:12 [notice] 1#1: using the "epoll" event method
2025/03/31 13:33:12 [notice] 1#1: nginx/1.27.4
2025/03/31 13:33:12 [notice] 1#1: built by gcc 12.2.0 (Debian 12.2.0-14) 
2025/03/31 13:33:12 [notice] 1#1: OS: Linux 6.10.14-linuxkit
2025/03/31 13:33:12 [notice] 1#1: getrlimit(RLIMIT_NOFILE): 1048576:1048576
2025/03/31 13:33:12 [notice] 1#1: start worker processes
2025/03/31 13:33:12 [notice] 1#1: start worker process 27
2025/03/31 13:33:12 [notice] 1#1: start worker process 28
2025/03/31 13:33:12 [notice] 1#1: start worker process 29
2025/03/31 13:33:12 [notice] 1#1: start worker process 30
2025/03/31 13:43:39 [notice] 1#1: signal 3 (SIGQUIT) received, shutting down
2025/03/31 13:43:39 [notice] 28#28: gracefully shutting down
2025/03/31 13:43:39 [notice] 28#28: exiting
2025/03/31 13:43:39 [notice] 29#29: gracefully shutting down
2025/03/31 13:43:39 [notice] 27#27: gracefully shutting down
2025/03/31 13:43:39 [notice] 28#28: exit
2025/03/31 13:43:39 [notice] 30#30: gracefully shutting down
2025/03/31 13:43:39 [notice] 29#29: exiting
2025/03/31 13:43:39 [notice] 27#27: exiting
2025/03/31 13:43:39 [notice] 29#29: exit
2025/03/31 13:43:39 [notice] 30#30: exiting
2025/03/31 13:43:39 [notice] 27#27: exit
2025/03/31 13:43:39 [notice] 30#30: exit
2025/03/31 13:43:39 [notice] 1#1: signal 17 (SIGCHLD) received from 29
2025/03/31 13:43:39 [notice] 1#1: worker process 27 exited with code 0
2025/03/31 13:43:39 [notice] 1#1: worker process 28 exited with code 0
2025/03/31 13:43:39 [notice] 1#1: worker process 29 exited with code 0
2025/03/31 13:43:39 [notice] 1#1: worker process 30 exited with code 0
2025/03/31 13:43:39 [notice] 1#1: exit
2025/03/31 13:43:45 [notice] 1#1: using the "epoll" event method
2025/03/31 13:43:45 [notice] 1#1: nginx/1.27.4
2025/03/31 13:43:45 [notice] 1#1: built by gcc 12.2.0 (Debian 12.2.0-14) 
2025/03/31 13:43:45 [notice] 1#1: OS: Linux 6.10.14-linuxkit
2025/03/31 13:43:45 [notice] 1#1: getrlimit(RLIMIT_NOFILE): 1048576:1048576
2025/03/31 13:43:45 [notice] 1#1: start worker processes
2025/03/31 13:43:45 [notice] 1#1: start worker process 27
2025/03/31 13:43:45 [notice] 1#1: start worker process 28
2025/03/31 13:43:45 [notice] 1#1: start worker process 29
2025/03/31 13:43:45 [notice] 1#1: start worker process 30
2025/03/31 13:45:18 [notice] 1#1: signal 3 (SIGQUIT) received, shutting down
2025/03/31 13:45:18 [notice] 30#30: gracefully shutting down
2025/03/31 13:45:18 [notice] 28#28: gracefully shutting down
2025/03/31 13:45:18 [notice] 30#30: exiting
2025/03/31 13:45:18 [notice] 28#28: exiting
2025/03/31 13:45:18 [notice] 27#27: gracefully shutting down
2025/03/31 13:45:18 [notice] 28#28: exit
2025/03/31 13:45:18 [notice] 30#30: exit
2025/03/31 13:45:18 [notice] 27#27: exiting
2025/03/31 13:45:18 [notice] 29#29: gracefully shutting down
2025/03/31 13:45:18 [notice] 27#27: exit
2025/03/31 13:45:18 [notice] 29#29: exiting
2025/03/31 13:45:18 [notice] 29#29: exit
2025/03/31 13:45:18 [notice] 1#1: signal 17 (SIGCHLD) received from 30
2025/03/31 13:45:18 [notice] 1#1: worker process 30 exited with code 0
2025/03/31 13:45:18 [notice] 1#1: signal 29 (SIGIO) received
2025/03/31 13:45:18 [notice] 1#1: signal 17 (SIGCHLD) received from 28
2025/03/31 13:45:18 [notice] 1#1: worker process 28 exited with code 0
2025/03/31 13:45:18 [notice] 1#1: signal 29 (SIGIO) received
2025/03/31 13:45:18 [notice] 1#1: signal 17 (SIGCHLD) received from 27
2025/03/31 13:45:18 [notice] 1#1: worker process 27 exited with code 0
2025/03/31 13:45:18 [notice] 1#1: worker process 29 exited with code 0
2025/03/31 13:45:18 [notice] 1#1: exit
2025/03/31 13:45:22 [notice] 1#1: using the "epoll" event method
2025/03/31 13:45:22 [notice] 1#1: nginx/1.27.4
2025/03/31 13:45:22 [notice] 1#1: built by gcc 12.2.0 (Debian 12.2.0-14) 
2025/03/31 13:45:22 [notice] 1#1: OS: Linux 6.10.14-linuxkit
2025/03/31 13:45:22 [notice] 1#1: getrlimit(RLIMIT_NOFILE): 1048576:1048576
2025/03/31 13:45:22 [notice] 1#1: start worker processes
2025/03/31 13:45:22 [notice] 1#1: start worker process 28
2025/03/31 13:45:22 [notice] 1#1: start worker process 29
2025/03/31 13:45:22 [notice] 1#1: start worker process 30
2025/03/31 13:45:22 [notice] 1#1: start worker process 31
2025/03/31 13:56:06 [notice] 1#1: signal 3 (SIGQUIT) received, shutting down
2025/03/31 13:56:06 [notice] 29#29: gracefully shutting down
2025/03/31 13:56:06 [notice] 30#30: gracefully shutting down
2025/03/31 13:56:06 [notice] 28#28: gracefully shutting down
2025/03/31 13:56:06 [notice] 29#29: exiting
2025/03/31 13:56:06 [notice] 30#30: exiting
2025/03/31 13:56:06 [notice] 29#29: exit
2025/03/31 13:56:06 [notice] 31#31: gracefully shutting down
2025/03/31 13:56:06 [notice] 31#31: exiting
2025/03/31 13:56:06 [notice] 30#30: exit
2025/03/31 13:56:06 [notice] 28#28: exiting
2025/03/31 13:56:06 [notice] 28#28: exit
2025/03/31 13:56:06 [notice] 31#31: exit
2025/03/31 13:56:06 [notice] 1#1: signal 17 (SIGCHLD) received from 28
2025/03/31 13:56:06 [notice] 1#1: worker process 28 exited with code 0
2025/03/31 13:56:06 [notice] 1#1: worker process 29 exited with code 0
2025/03/31 13:56:06 [notice] 1#1: worker process 30 exited with code 0
2025/03/31 13:56:06 [notice] 1#1: signal 29 (SIGIO) received
2025/03/31 13:56:06 [notice] 1#1: signal 17 (SIGCHLD) received from 29
2025/03/31 13:56:06 [notice] 1#1: signal 17 (SIGCHLD) received from 31
2025/03/31 13:56:06 [notice] 1#1: worker process 31 exited with code 0
2025/03/31 13:56:06 [notice] 1#1: exit
2025/03/31 13:56:11 [notice] 1#1: using the "epoll" event method
2025/03/31 13:56:11 [notice] 1#1: nginx/1.27.4
2025/03/31 13:56:11 [notice] 1#1: built by gcc 12.2.0 (Debian 12.2.0-14) 
2025/03/31 13:56:11 [notice] 1#1: OS: Linux 6.10.14-linuxkit
2025/03/31 13:56:11 [notice] 1#1: getrlimit(RLIMIT_NOFILE): 1048576:1048576
2025/03/31 13:56:11 [notice] 1#1: start worker processes
2025/03/31 13:56:11 [notice] 1#1: start worker process 28
2025/03/31 13:56:11 [notice] 1#1: start worker process 29
2025/03/31 13:56:11 [notice] 1#1: start worker process 30
2025/03/31 13:56:11 [notice] 1#1: start worker process 31
2025/03/31 14:04:28 [notice] 1#1: signal 3 (SIGQUIT) received, shutting down
2025/03/31 14:04:28 [notice] 28#28: gracefully shutting down
2025/03/31 14:04:28 [notice] 31#31: gracefully shutting down
2025/03/31 14:04:28 [notice] 29#29: gracefully shutting down
2025/03/31 14:04:28 [notice] 28#28: exiting
2025/03/31 14:04:28 [notice] 30#30: gracefully shutting down
2025/03/31 14:04:28 [notice] 31#31: exiting
2025/03/31 14:04:28 [notice] 30#30: exiting
2025/03/31 14:04:28 [notice] 30#30: exit
2025/03/31 14:04:28 [notice] 29#29: exiting
2025/03/31 14:04:28 [notice] 28#28: exit
2025/03/31 14:04:28 [notice] 31#31: exit
2025/03/31 14:04:28 [notice] 29#29: exit
2025/03/31 14:04:28 [notice] 1#1: signal 17 (SIGCHLD) received from 30
2025/03/31 14:04:28 [notice] 1#1: worker process 30 exited with code 0
2025/03/31 14:04:28 [notice] 1#1: signal 29 (SIGIO) received
2025/03/31 14:04:28 [notice] 1#1: signal 17 (SIGCHLD) received from 28
2025/03/31 14:04:28 [notice] 1#1: worker process 28 exited with code 0
2025/03/31 14:04:28 [notice] 1#1: signal 29 (SIGIO) received
2025/03/31 14:04:28 [notice] 1#1: signal 17 (SIGCHLD) received from 31
2025/03/31 14:04:28 [notice] 1#1: worker process 31 exited with code 0
2025/03/31 14:04:28 [notice] 1#1: signal 17 (SIGCHLD) received from 29
2025/03/31 14:04:28 [notice] 1#1: worker process 29 exited with code 0
2025/03/31 14:04:28 [notice] 1#1: exit
2025/03/31 14:04:47 [notice] 1#1: using the "epoll" event method
2025/03/31 14:04:47 [notice] 1#1: nginx/1.27.4
2025/03/31 14:04:47 [notice] 1#1: built by gcc 12.2.0 (Debian 12.2.0-14) 
2025/03/31 14:04:47 [notice] 1#1: OS: Linux 6.10.14-linuxkit
2025/03/31 14:04:47 [notice] 1#1: getrlimit(RLIMIT_NOFILE): 1048576:1048576
2025/03/31 14:04:47 [notice] 1#1: start worker processes
2025/03/31 14:04:47 [notice] 1#1: start worker process 28
2025/03/31 14:04:47 [notice] 1#1: start worker process 29
2025/03/31 14:04:47 [notice] 1#1: start worker process 30
2025/03/31 14:04:47 [notice] 1#1: start worker process 31
2025/03/31 14:05:24 [notice] 1#1: signal 3 (SIGQUIT) received, shutting down
2025/03/31 14:05:24 [notice] 28#28: gracefully shutting down
2025/03/31 14:05:24 [notice] 28#28: exiting
2025/03/31 14:05:24 [notice] 29#29: gracefully shutting down
2025/03/31 14:05:24 [notice] 30#30: gracefully shutting down
2025/03/31 14:05:24 [notice] 29#29: exiting
2025/03/31 14:05:24 [notice] 31#31: gracefully shutting down
2025/03/31 14:05:24 [notice] 29#29: exit
2025/03/31 14:05:24 [notice] 31#31: exiting
2025/03/31 14:05:24 [notice] 30#30: exiting
2025/03/31 14:05:24 [notice] 28#28: exit
2025/03/31 14:05:24 [notice] 31#31: exit
2025/03/31 14:05:24 [notice] 30#30: exit
2025/03/31 14:05:24 [notice] 1#1: signal 17 (SIGCHLD) received from 29
2025/03/31 14:05:24 [notice] 1#1: worker process 29 exited with code 0
2025/03/31 14:05:24 [notice] 1#1: worker process 31 exited with code 0
2025/03/31 14:05:24 [notice] 1#1: signal 29 (SIGIO) received
2025/03/31 14:05:24 [notice] 1#1: signal 17 (SIGCHLD) received from 28
2025/03/31 14:05:24 [notice] 1#1: worker process 28 exited with code 0
2025/03/31 14:05:24 [notice] 1#1: worker process 30 exited with code 0
2025/03/31 14:05:24 [notice] 1#1: exit
2025/03/31 14:05:28 [notice] 1#1: using the "epoll" event method
2025/03/31 14:05:28 [notice] 1#1: nginx/1.27.4
2025/03/31 14:05:28 [notice] 1#1: built by gcc 12.2.0 (Debian 12.2.0-14) 
2025/03/31 14:05:28 [notice] 1#1: OS: Linux 6.10.14-linuxkit
2025/03/31 14:05:28 [notice] 1#1: getrlimit(RLIMIT_NOFILE): 1048576:1048576
2025/03/31 14:05:28 [notice] 1#1: start worker processes
2025/03/31 14:05:28 [notice] 1#1: start worker process 28
2025/03/31 14:05:28 [notice] 1#1: start worker process 29
2025/03/31 14:05:28 [notice] 1#1: start worker process 30
2025/03/31 14:05:28 [notice] 1#1: start worker process 31
2025/03/31 14:06:20 [notice] 1#1: signal 3 (SIGQUIT) received, shutting down
2025/03/31 14:06:20 [notice] 28#28: gracefully shutting down
2025/03/31 14:06:20 [notice] 31#31: gracefully shutting down
2025/03/31 14:06:20 [notice] 30#30: gracefully shutting down
2025/03/31 14:06:20 [notice] 29#29: gracefully shutting down
2025/03/31 14:06:20 [notice] 29#29: exiting
2025/03/31 14:06:20 [notice] 28#28: exiting
2025/03/31 14:06:20 [notice] 31#31: exiting
2025/03/31 14:06:20 [notice] 30#30: exiting
2025/03/31 14:06:20 [notice] 29#29: exit
2025/03/31 14:06:20 [notice] 28#28: exit
2025/03/31 14:06:20 [notice] 31#31: exit
2025/03/31 14:06:20 [notice] 30#30: exit
2025/03/31 14:06:20 [notice] 1#1: signal 17 (SIGCHLD) received from 29
2025/03/31 14:06:20 [notice] 1#1: worker process 28 exited with code 0
2025/03/31 14:06:20 [notice] 1#1: worker process 29 exited with code 0
2025/03/31 14:06:20 [notice] 1#1: worker process 30 exited with code 0
2025/03/31 14:06:20 [notice] 1#1: worker process 31 exited with code 0
2025/03/31 14:06:20 [notice] 1#1: exit
2025/03/31 14:06:42 [notice] 1#1: using the "epoll" event method
2025/03/31 14:06:42 [notice] 1#1: nginx/1.27.4
2025/03/31 14:06:42 [notice] 1#1: built by gcc 12.2.0 (Debian 12.2.0-14) 
2025/03/31 14:06:42 [notice] 1#1: OS: Linux 6.10.14-linuxkit
2025/03/31 14:06:42 [notice] 1#1: getrlimit(RLIMIT_NOFILE): 1048576:1048576
2025/03/31 14:06:42 [notice] 1#1: start worker processes
2025/03/31 14:06:42 [notice] 1#1: start worker process 27
2025/03/31 14:06:42 [notice] 1#1: start worker process 28
2025/03/31 14:06:42 [notice] 1#1: start worker process 29
2025/03/31 14:06:42 [notice] 1#1: start worker process 30
2025/03/31 14:08:35 [notice] 1#1: signal 3 (SIGQUIT) received, shutting down
2025/03/31 14:08:35 [notice] 30#30: gracefully shutting down
2025/03/31 14:08:35 [notice] 28#28: gracefully shutting down
2025/03/31 14:08:35 [notice] 27#27: gracefully shutting down
2025/03/31 14:08:35 [notice] 30#30: exiting
2025/03/31 14:08:35 [notice] 29#29: gracefully shutting down
2025/03/31 14:08:35 [notice] 28#28: exiting
2025/03/31 14:08:35 [notice] 28#28: exit
2025/03/31 14:08:35 [notice] 30#30: exit
2025/03/31 14:08:35 [notice] 27#27: exiting
2025/03/31 14:08:35 [notice] 29#29: exiting
2025/03/31 14:08:35 [notice] 29#29: exit
2025/03/31 14:08:35 [notice] 27#27: exit
2025/03/31 14:08:35 [notice] 1#1: signal 17 (SIGCHLD) received from 28
2025/03/31 14:08:35 [notice] 1#1: worker process 27 exited with code 0
2025/03/31 14:08:35 [notice] 1#1: worker process 28 exited with code 0
2025/03/31 14:08:35 [notice] 1#1: worker process 29 exited with code 0
2025/03/31 14:08:35 [notice] 1#1: worker process 30 exited with code 0
2025/03/31 14:08:35 [notice] 1#1: exit
2025/03/31 14:08:50 [notice] 1#1: using the "epoll" event method
2025/03/31 14:08:50 [notice] 1#1: nginx/1.27.4
2025/03/31 14:08:50 [notice] 1#1: built by gcc 12.2.0 (Debian 12.2.0-14) 
2025/03/31 14:08:50 [notice] 1#1: OS: Linux 6.10.14-linuxkit
2025/03/31 14:08:50 [notice] 1#1: getrlimit(RLIMIT_NOFILE): 1048576:1048576
2025/03/31 14:08:50 [notice] 1#1: start worker processes
2025/03/31 14:08:50 [notice] 1#1: start worker process 28
2025/03/31 14:08:50 [notice] 1#1: start worker process 29
2025/03/31 14:08:50 [notice] 1#1: start worker process 30
2025/03/31 14:08:50 [notice] 1#1: start worker process 31
2025/03/31 14:10:24 [notice] 1#1: signal 3 (SIGQUIT) received, shutting down
2025/03/31 14:10:24 [notice] 28#28: gracefully shutting down
2025/03/31 14:10:24 [notice] 29#29: gracefully shutting down
2025/03/31 14:10:24 [notice] 31#31: gracefully shutting down
2025/03/31 14:10:24 [notice] 30#30: gracefully shutting down
2025/03/31 14:10:24 [notice] 30#30: exiting
2025/03/31 14:10:24 [notice] 29#29: exiting
2025/03/31 14:10:24 [notice] 28#28: exiting
2025/03/31 14:10:24 [notice] 29#29: exit
2025/03/31 14:10:24 [notice] 31#31: exiting
2025/03/31 14:10:24 [notice] 31#31: exit
2025/03/31 14:10:24 [notice] 30#30: exit
2025/03/31 14:10:24 [notice] 28#28: exit
2025/03/31 14:10:24 [notice] 1#1: signal 17 (SIGCHLD) received from 29
2025/03/31 14:10:24 [notice] 1#1: worker process 29 exited with code 0
2025/03/31 14:10:24 [notice] 1#1: worker process 30 exited with code 0
2025/03/31 14:10:24 [notice] 1#1: signal 29 (SIGIO) received
2025/03/31 14:10:24 [notice] 1#1: signal 17 (SIGCHLD) received from 28
2025/03/31 14:10:24 [notice] 1#1: worker process 28 exited with code 0
2025/03/31 14:10:24 [notice] 1#1: signal 29 (SIGIO) received
2025/03/31 14:10:24 [notice] 1#1: signal 17 (SIGCHLD) received from 31
2025/03/31 14:10:24 [notice] 1#1: worker process 31 exited with code 0
2025/03/31 14:10:24 [notice] 1#1: exit
2025/03/31 14:10:31 [notice] 1#1: using the "epoll" event method
2025/03/31 14:10:31 [notice] 1#1: nginx/1.27.4
2025/03/31 14:10:31 [notice] 1#1: built by gcc 12.2.0 (Debian 12.2.0-14) 
2025/03/31 14:10:31 [notice] 1#1: OS: Linux 6.10.14-linuxkit
2025/03/31 14:10:31 [notice] 1#1: getrlimit(RLIMIT_NOFILE): 1048576:1048576
2025/03/31 14:10:31 [notice] 1#1: start worker processes
2025/03/31 14:10:31 [notice] 1#1: start worker process 27
2025/03/31 14:10:31 [notice] 1#1: start worker process 28
2025/03/31 14:10:31 [notice] 1#1: start worker process 29
2025/03/31 14:10:31 [notice] 1#1: start worker process 30
2025/04/01 14:49:11 [notice] 1#1: signal 3 (SIGQUIT) received, shutting down
2025/04/01 14:49:11 [notice] 29#29: gracefully shutting down
2025/04/01 14:49:11 [notice] 27#27: gracefully shutting down
2025/04/01 14:49:11 [notice] 30#30: gracefully shutting down
2025/04/01 14:49:11 [notice] 28#28: gracefully shutting down
2025/04/01 14:49:11 [notice] 30#30: exiting
2025/04/01 14:49:11 [notice] 27#27: exiting
2025/04/01 14:49:11 [notice] 29#29: exiting
2025/04/01 14:49:11 [notice] 27#27: exit
2025/04/01 14:49:11 [notice] 30#30: exit
2025/04/01 14:49:11 [notice] 29#29: exit
2025/04/01 14:49:11 [notice] 28#28: exiting
2025/04/01 14:49:11 [notice] 28#28: exit
2025/04/01 14:49:11 [notice] 1#1: signal 17 (SIGCHLD) received from 30
2025/04/01 14:49:11 [notice] 1#1: worker process 30 exited with code 0
2025/04/01 14:49:11 [notice] 1#1: signal 29 (SIGIO) received
2025/04/01 14:49:11 [notice] 1#1: signal 17 (SIGCHLD) received from 29
2025/04/01 14:49:11 [notice] 1#1: worker process 27 exited with code 0
2025/04/01 14:49:11 [notice] 1#1: worker process 29 exited with code 0
2025/04/01 14:49:11 [notice] 1#1: signal 29 (SIGIO) received
2025/04/01 14:49:11 [notice] 1#1: signal 17 (SIGCHLD) received from 28
2025/04/01 14:49:11 [notice] 1#1: worker process 28 exited with code 0
2025/04/01 14:49:11 [notice] 1#1: exit
2025/04/01 15:17:37 [notice] 1#1: using the "epoll" event method
2025/04/01 15:17:37 [notice] 1#1: nginx/1.27.4
2025/04/01 15:17:37 [notice] 1#1: built by gcc 12.2.0 (Debian 12.2.0-14) 
2025/04/01 15:17:37 [notice] 1#1: OS: Linux 6.10.14-linuxkit
2025/04/01 15:17:37 [notice] 1#1: getrlimit(RLIMIT_NOFILE): 1048576:1048576
2025/04/01 15:17:37 [notice] 1#1: start worker processes
2025/04/01 15:17:37 [notice] 1#1: start worker process 28
2025/04/01 15:17:37 [notice] 1#1: start worker process 29
2025/04/01 15:17:37 [notice] 1#1: start worker process 30
2025/04/01 15:17:37 [notice] 1#1: start worker process 31
